2024-11-29 14:57:50,412 - INFO - Coluna 'conf' convertida para valores booleanos.
2024-11-29 14:57:50,412 - INFO - Carregando o arquivo 'qnt.xlsx'.
2024-11-29 14:57:50,416 - INFO - Dados de quantidades carregados com sucesso.
2024-11-29 14:57:50,418 - INFO - Exibindo dados do convidado: Zeev Chalom Horovitz .
2024-11-29 14:57:50,424 - INFO - Tabela de convidados agrupada exibida com sucesso.
2024-11-29 14:57:55,350 - INFO - Iniciando a aplicação.
2024-11-29 14:57:55,352 - INFO - Carregando arquivo 'lista.xlsx'.
2024-11-29 14:57:55,377 - INFO - Convertendo coluna 'conf' para valores booleanos.
2024-11-29 14:57:55,378 - INFO - Carregando arquivo 'qnt.xlsx'.
2024-11-29 14:57:55,382 - INFO - Quantidades calculadas com sucesso.
2024-11-29 14:57:55,385 - INFO - Aplicação encerrada.
2024-11-29 14:57:59,426 - INFO - Iniciando a aplicação.
2024-11-29 14:57:59,431 - INFO - Convertendo coluna 'conf' para valores booleanos.
2024-11-29 14:57:59,433 - INFO - Carregando arquivo 'qnt.xlsx'.
2024-11-29 14:57:59,449 - INFO - Quantidades calculadas com sucesso.
2024-11-29 14:57:59,459 - INFO - Aplicação encerrada.
2024-11-29 14:58:05,326 - INFO - Iniciando a aplicação.
2024-11-29 14:58:05,329 - INFO - Convertendo coluna 'conf' para valores booleanos.
2024-11-29 14:58:05,330 - INFO - Carregando arquivo 'qnt.xlsx'.
2024-11-29 14:58:05,342 - INFO - Quantidades calculadas com sucesso.
2024-11-29 14:58:05,349 - INFO - Selecionado o convidado: Ires Ricardo Basso e Marilha Fernandes Basso.
2024-11-29 14:58:05,352 - INFO - Aplicação encerrada.
2024-11-29 14:58:56,513 - INFO - Iniciando a aplicação.
2024-11-29 14:59:01,811 - INFO - Iniciando a aplicação.
2024-11-29 14:59:13,366 - INFO - Iniciando a aplicação.
2024-11-29 14:59:13,369 - INFO - Carregando arquivo 'qnt.xlsx'.
2024-11-29 14:59:13,378 - INFO - Carregando arquivo 'convidados.csv'.
2024-11-29 14:59:17,580 - INFO - Iniciando a aplicação.
2024-11-29 14:59:17,584 - INFO - Carregando arquivo 'qnt.xlsx'.
2024-11-29 14:59:17,595 - INFO - Carregando arquivo 'convidados.csv'.
2024-11-29 14:59:24,647 - INFO - Iniciando a aplicação.
2024-11-29 14:59:24,649 - INFO - Carregando arquivo 'qnt.xlsx'.
2024-11-29 14:59:28,476 - INFO - Iniciando a aplicação.
2024-11-29 14:59:28,480 - INFO - Carregando arquivo 'qnt.xlsx'.
2024-11-29 14:59:28,515 - INFO - Carregando arquivo 'convidados.csv'.
2024-11-29 14:59:30,493 - INFO - Iniciando a aplicação.
2024-11-29 14:59:30,499 - INFO - Carregando arquivo 'qnt.xlsx'.
2024-11-29 14:59:30,526 - INFO - Carregando arquivo 'convidados.csv'.
2024-11-29 14:59:31,381 - INFO - Iniciando a aplicação.
2024-11-29 14:59:31,388 - INFO - Carregando arquivo 'qnt.xlsx'.
2024-11-29 14:59:31,409 - INFO - Carregando arquivo 'convidados.csv'.
2024-11-29 14:59:36,440 - INFO - Iniciando a aplicação.
2024-11-29 14:59:36,446 - INFO - Carregando arquivo 'qnt.xlsx'.
2024-11-29 14:59:36,487 - INFO - Carregando arquivo 'convidados.csv'.
2024-11-29 14:59:52,641 - INFO - Iniciando a aplicação.
2024-11-29 14:59:52,645 - INFO - Carregando arquivo 'qnt.xlsx'.
2024-11-29 14:59:54,528 - INFO - Iniciando a aplicação.
2024-11-29 14:59:54,531 - INFO - Carregando arquivo 'qnt.xlsx'.
2024-11-29 14:59:54,553 - INFO - Carregando arquivo 'convidados.csv'.
2024-11-29 14:59:55,960 - INFO - Iniciando a aplicação.
2024-11-29 14:59:55,966 - INFO - Carregando arquivo 'qnt.xlsx'.
2024-11-29 14:59:55,987 - INFO - Carregando arquivo 'convidados.csv'.
2024-11-29 14:59:59,352 - INFO - Iniciando a aplicação.
2024-11-29 14:59:59,355 - INFO - Carregando arquivo 'qnt.xlsx'.
2024-11-29 14:59:59,381 - INFO - Carregando arquivo 'convidados.csv'.
2024-11-29 15:00:00,123 - INFO - Iniciando a aplicação.
2024-11-29 15:00:00,127 - INFO - Carregando arquivo 'qnt.xlsx'.
2024-11-29 15:00:00,147 - INFO - Carregando arquivo 'convidados.csv'.
2024-11-29 15:00:02,674 - INFO - Iniciando a aplicação.
2024-11-29 15:00:02,679 - INFO - Carregando arquivo 'qnt.xlsx'.
2024-11-29 15:00:02,715 - INFO - Carregando arquivo 'convidados.csv'.
2024-11-29 15:00:05,063 - INFO - Iniciando a aplicação.
2024-11-29 15:00:05,071 - INFO - Carregando arquivo 'qnt.xlsx'.
2024-11-29 15:00:05,119 - INFO - Carregando arquivo 'convidados.csv'.
2024-11-29 15:00:49,754 - INFO - Iniciando a aplicação.
2024-11-29 15:00:49,757 - INFO - Carregando arquivo 'qnt.xlsx'.
2024-11-29 15:01:09,295 - INFO - Iniciando a aplicação.
2024-11-29 15:01:09,300 - INFO - Carregando arquivo 'qnt.xlsx'.
2024-11-29 15:01:09,312 - INFO - Carregando arquivo 'convidados.csv'.
2024-11-29 15:01:12,317 - INFO - Iniciando a aplicação.
2024-11-29 15:01:12,321 - INFO - Carregando arquivo 'qnt.xlsx'.
2024-11-29 15:01:12,332 - INFO - Carregando arquivo 'convidados.csv'.
2024-11-29 15:01:13,604 - INFO - Iniciando a aplicação.
2024-11-29 15:01:13,610 - INFO - Carregando arquivo 'qnt.xlsx'.
2024-11-29 15:01:13,622 - INFO - Carregando arquivo 'convidados.csv'.
2024-11-29 15:01:15,911 - INFO - Iniciando a aplicação.
2024-11-29 15:01:15,913 - INFO - Carregando arquivo 'qnt.xlsx'.
2024-11-29 15:01:15,922 - INFO - Carregando arquivo 'convidados.csv'.
2024-11-29 15:01:18,756 - INFO - Iniciando a aplicação.
2024-11-29 15:01:18,762 - INFO - Carregando arquivo 'qnt.xlsx'.
2024-11-29 15:01:18,771 - INFO - Carregando arquivo 'convidados.csv'.
2024-11-29 15:01:20,880 - INFO - Iniciando a aplicação.
2024-11-29 15:01:20,883 - INFO - Carregando arquivo 'qnt.xlsx'.
2024-11-29 15:01:20,894 - INFO - Carregando arquivo 'convidados.csv'.
2024-11-29 15:01:22,128 - INFO - Iniciando a aplicação.
2024-11-29 15:01:22,132 - INFO - Carregando arquivo 'qnt.xlsx'.
2024-11-29 15:01:22,146 - INFO - Carregando arquivo 'convidados.csv'.
2024-11-29 15:01:24,385 - INFO - Iniciando a aplicação.
2024-11-29 15:01:24,390 - INFO - Carregando arquivo 'qnt.xlsx'.
2024-11-29 15:01:24,401 - INFO - Carregando arquivo 'convidados.csv'.
2024-11-29 15:01:25,583 - INFO - Iniciando a aplicação.
2024-11-29 15:01:25,589 - INFO - Carregando arquivo 'qnt.xlsx'.
2024-11-29 15:01:25,601 - INFO - Carregando arquivo 'convidados.csv'.
2024-11-29 15:01:28,043 - INFO - Iniciando a aplicação.
2024-11-29 15:01:28,049 - INFO - Carregando arquivo 'qnt.xlsx'.
2024-11-29 15:01:28,060 - INFO - Carregando arquivo 'convidados.csv'.
2024-11-29 15:01:29,452 - INFO - Iniciando a aplicação.
2024-11-29 15:01:29,455 - INFO - Carregando arquivo 'qnt.xlsx'.
2024-11-29 15:01:29,465 - INFO - Carregando arquivo 'convidados.csv'.
2024-11-29 15:01:33,121 - INFO - Iniciando a aplicação.
2024-11-29 15:01:33,123 - INFO - Carregando arquivo 'qnt.xlsx'.
2024-11-29 15:01:33,132 - INFO - Carregando arquivo 'convidados.csv'.
2024-11-29 15:01:34,497 - INFO - Iniciando a aplicação.
2024-11-29 15:01:34,503 - INFO - Carregando arquivo 'qnt.xlsx'.
2024-11-29 15:01:34,513 - INFO - Carregando arquivo 'convidados.csv'.
2024-11-29 15:01:51,021 - INFO - Iniciando a aplicação.
2024-11-29 15:01:51,026 - INFO - Carregando arquivo 'qnt.xlsx'.
2024-11-29 15:01:51,038 - INFO - Carregando arquivo 'convidados.csv'.
2024-11-29 15:01:57,840 - INFO - Iniciando a aplicação.
2024-11-29 15:01:57,846 - INFO - Carregando arquivo 'qnt.xlsx'.
2024-11-29 15:01:57,863 - INFO - Carregando arquivo 'convidados.csv'.
2024-11-29 15:02:05,107 - INFO - Iniciando a aplicação.
2024-11-29 15:02:05,113 - INFO - Carregando arquivo 'qnt.xlsx'.
2024-11-29 15:02:05,124 - INFO - Carregando arquivo 'convidados.csv'.
2024-11-29 15:02:06,478 - INFO - Iniciando a aplicação.
2024-11-29 15:02:06,484 - INFO - Carregando arquivo 'qnt.xlsx'.
2024-11-29 15:02:06,498 - INFO - Carregando arquivo 'convidados.csv'.
2024-11-29 15:07:38,506 - INFO - Iniciando a aplicação.
2024-11-29 15:07:38,511 - INFO - Carregando arquivo 'qnt.xlsx'.
2024-11-29 15:08:03,097 - INFO - Iniciando a aplicação.
2024-11-29 15:08:03,102 - INFO - Carregando arquivo 'qnt.xlsx'.
2024-11-29 15:08:03,113 - INFO - Carregando arquivo 'convidados.csv'.
2024-11-29 15:12:47,156 - INFO - Iniciando a aplicação.
2024-11-29 15:12:47,161 - INFO - Carregando arquivo 'qnt.xlsx'.
2024-11-29 15:20:23,756 - INFO - Iniciando a aplicação.
2024-11-29 15:20:23,759 - INFO - Carregando arquivo 'qnt.xlsx'.
2024-11-29 15:30:07,346 - INFO - Iniciando a aplicação.
2024-11-29 15:30:07,352 - INFO - Carregando arquivo 'qnt.xlsx'.
2024-11-29 15:48:05,225 - INFO - Iniciando a aplicação.
2024-11-29 15:48:05,228 - INFO - Carregando arquivo 'qnt.xlsx'.
2024-11-29 15:48:05,239 - INFO - Carregando arquivo 'convidados.csv'.
2024-11-29 15:48:08,984 - INFO - Iniciando a aplicação.
2024-11-29 15:48:08,987 - INFO - Carregando arquivo 'qnt.xlsx'.
2024-11-29 15:48:09,128 - INFO - Iniciando a aplicação.
2024-11-29 15:48:09,131 - INFO - Carregando arquivo 'qnt.xlsx'.
2024-11-29 15:48:09,142 - INFO - Carregando arquivo 'convidados.csv'.
2024-11-29 15:48:16,577 - INFO - Iniciando a aplicação.
2024-11-29 15:48:16,583 - INFO - Carregando arquivo 'qnt.xlsx'.
2024-11-29 15:48:16,598 - INFO - Carregando arquivo 'convidados.csv'.
2024-11-29 15:48:22,158 - INFO - Iniciando a aplicação.
2024-11-29 15:48:22,162 - INFO - Carregando arquivo 'qnt.xlsx'.
2024-11-29 15:48:22,172 - INFO - Carregando arquivo 'convidados.csv'.
2024-11-29 15:48:23,956 - INFO - Iniciando a aplicação.
2024-11-29 15:48:23,960 - INFO - Carregando arquivo 'qnt.xlsx'.
2024-11-29 15:48:23,970 - INFO - Carregando arquivo 'convidados.csv'.
2024-11-29 15:48:26,530 - INFO - Iniciando a aplicação.
2024-11-29 15:48:26,532 - INFO - Carregando arquivo 'qnt.xlsx'.
2024-11-29 15:48:26,545 - INFO - Carregando arquivo 'convidados.csv'.
2024-11-29 15:48:30,655 - INFO - Iniciando a aplicação.
2024-11-29 15:48:30,657 - INFO - Carregando arquivo 'qnt.xlsx'.
2024-11-29 15:48:30,668 - INFO - Carregando arquivo 'convidados.csv'.
2024-11-29 15:48:34,548 - INFO - Iniciando a aplicação.
2024-11-29 15:48:34,551 - INFO - Carregando arquivo 'qnt.xlsx'.
2024-11-29 15:48:40,246 - INFO - Iniciando a aplicação.
2024-11-29 15:48:40,248 - INFO - Carregando arquivo 'qnt.xlsx'.
2024-11-29 15:48:40,258 - INFO - Carregando arquivo 'convidados.csv'.
2024-11-29 15:48:44,265 - INFO - Iniciando a aplicação.
2024-11-29 15:48:44,267 - INFO - Carregando arquivo 'qnt.xlsx'.
2024-11-29 15:48:44,276 - INFO - Carregando arquivo 'convidados.csv'.
2024-11-29 15:48:48,409 - INFO - Iniciando a aplicação.
2024-11-29 15:48:48,412 - INFO - Carregando arquivo 'qnt.xlsx'.
2024-11-29 15:48:48,421 - INFO - Carregando arquivo 'convidados.csv'.
2024-11-29 15:48:48,653 - INFO - Iniciando a aplicação.
2024-11-29 15:48:48,656 - INFO - Carregando arquivo 'qnt.xlsx'.
2024-11-29 15:48:48,665 - INFO - Carregando arquivo 'convidados.csv'.
2024-11-29 15:49:04,255 - INFO - Iniciando a aplicação.
2024-11-29 15:49:04,259 - INFO - Carregando arquivo 'qnt.xlsx'.
2024-11-29 15:49:04,271 - INFO - Carregando arquivo 'convidados.csv'.
2024-11-29 15:49:06,674 - INFO - Iniciando a aplicação.
2024-11-29 15:49:06,676 - INFO - Carregando arquivo 'qnt.xlsx'.
2024-11-29 15:49:06,686 - INFO - Carregando arquivo 'convidados.csv'.
2024-11-29 15:49:07,638 - INFO - Iniciando a aplicação.
2024-11-29 15:49:07,643 - INFO - Carregando arquivo 'qnt.xlsx'.
2024-11-29 15:49:07,654 - INFO - Carregando arquivo 'convidados.csv'.
2024-11-29 15:50:24,262 - INFO - Iniciando a aplicação.
2024-11-29 15:50:24,266 - INFO - Carregando arquivo 'qnt.xlsx'.
2024-11-29 15:53:11,234 - INFO - Iniciando a aplicação.
2024-11-29 15:53:11,239 - INFO - Carregando arquivo 'qnt.xlsx'.
2024-11-29 15:53:11,250 - INFO - Carregando arquivo 'convidados.csv'.
2024-11-29 15:53:14,599 - INFO - Iniciando a aplicação.
2024-11-29 15:53:14,604 - INFO - Carregando arquivo 'qnt.xlsx'.
2024-11-29 15:53:14,616 - INFO - Carregando arquivo 'convidados.csv'.
2024-11-29 15:53:15,895 - INFO - Iniciando a aplicação.
2024-11-29 15:53:15,898 - INFO - Carregando arquivo 'qnt.xlsx'.
2024-11-29 15:53:15,907 - INFO - Carregando arquivo 'convidados.csv'.
2024-11-29 15:53:24,611 - INFO - Iniciando a aplicação.
2024-11-29 15:53:24,615 - INFO - Carregando arquivo 'qnt.xlsx'.
2024-11-29 15:53:24,627 - INFO - Carregando arquivo 'convidados.csv'.
2024-11-29 15:53:25,991 - INFO - Iniciando a aplicação.
2024-11-29 15:53:25,993 - INFO - Carregando arquivo 'qnt.xlsx'.
2024-11-29 15:53:26,001 - INFO - Carregando arquivo 'convidados.csv'.
2024-11-29 15:53:37,908 - INFO - Iniciando a aplicação.
2024-11-29 15:53:37,914 - INFO - Carregando arquivo 'qnt.xlsx'.
